TPOSE SEQ NOF2 C:\Users\JeanLuc\AppData\Local\Temp\RtmpopvgFV\cspade10a41d13464.data 0.000000 4 1 1 F1stats = [ 8 0 0 -0.000000 ] 0.000000 -0.000000 -0.000000
SPADE C:\Users\JeanLuc\AppData\Local\Temp\RtmpopvgFV\cspade10a41d13464.tpose 0.000000 1 0 0.000000 0 0 0 0 0 -1 1 1 1 : 8 0 : 0.000000 0.000000 0.000000 0.000000
TPOSE SEQ NOF2 C:\Users\JeanLuc\AppData\Local\Temp\RtmpopvgFV\cspade10a46224b9f.data 0.000000 4 1 1 F1stats = [ 8 0 0 0.000000 ] 0.000000 0.000000 0.000000
SPADE C:\Users\JeanLuc\AppData\Local\Temp\RtmpopvgFV\cspade10a46224b9f.tpose 0.000000 1 0 0.000000 0 0 0 0 0 -1 1 1 1 : 8 0 : -0.000000 -0.000000 -0.000000 0.001000
TPOSE SEQ NOF2 C:\Users\JeanLuc\AppData\Local\Temp\RtmpopvgFV\cspade10a460af443e.data 0.400000 4 2 1 F1stats = [ 4 0 0 0.000000 ] 0.000000 0.000000 0.000000
SPADE C:\Users\JeanLuc\AppData\Local\Temp\RtmpopvgFV\cspade10a460af443e.tpose 0.400000 2 17 0.000000 0 0 0 0 0 -1 1 10 10 : 4 8 5 1 0 : 0.000000 0.000000 0.000000 0.000000
TPOSE SEQ NOF2 C:\Users\JeanLuc\AppData\Local\Temp\RtmpgNoqpc\cspade27a074a62294.data 0.000000 4 1 1 F1stats = [ 8 0 0 -0.000000 ] 0.000000 -0.000000 -0.000000
SPADE C:\Users\JeanLuc\AppData\Local\Temp\RtmpgNoqpc\cspade27a074a62294.tpose 0.000000 1 0 0.000000 0 0 0 0 0 -1 1 1 1 : 8 0 : -0.000000 -0.000000 -0.000000 0.000000
TPOSE SEQ NOF2 C:\Users\JeanLuc\AppData\Local\Temp\RtmpgNoqpc\cspade27a030b1559a.data 0.000000 4 1 1 F1stats = [ 8 0 0 0.000000 ] 0.000000 0.000000 0.000000
SPADE C:\Users\JeanLuc\AppData\Local\Temp\RtmpgNoqpc\cspade27a030b1559a.tpose 0.000000 1 0 0.000000 0 0 0 0 0 -1 1 1 1 : 8 0 : 0.000000 0.000000 0.000000 0.000000
TPOSE SEQ NOF2 C:\Users\JeanLuc\AppData\Local\Temp\RtmpgNoqpc\cspade27a046e35b47.data 0.000000 4 1 1 F1stats = [ 8 0 0 -0.000000 ] 0.000000 -0.000000 -0.000000
SPADE C:\Users\JeanLuc\AppData\Local\Temp\RtmpgNoqpc\cspade27a046e35b47.tpose 0.000000 1 0 0.000000 0 0 0 0 0 -1 1 1 1 : 8 0 : 0.000000 0.000000 0.000000 0.000000
TPOSE SEQ NOF2 C:\Users\JeanLuc\AppData\Local\Temp\RtmpgNoqpc\cspade27a03d9d2522.data 0.000000 4 1 1 F1stats = [ 8 0 0 -0.000000 ] 0.000000 0.001000 0.001000
SPADE C:\Users\JeanLuc\AppData\Local\Temp\RtmpgNoqpc\cspade27a03d9d2522.tpose 0.000000 1 0 0.000000 0 0 0 0 0 -1 1 1 1 : 8 0 : 0.000000 0.000000 0.000000 0.000000
TPOSE SEQ NOF2 C:\Users\JeanLuc\AppData\Local\Temp\RtmpgNoqpc\cspade27a02b415735.data 0.000000 4 1 1 F1stats = [ 8 0 0 0.000000 ] 0.000000 0.000000 0.000000
SPADE C:\Users\JeanLuc\AppData\Local\Temp\RtmpgNoqpc\cspade27a02b415735.tpose 0.000000 1 0 0.000000 0 0 0 0 0 -1 1 1 1 : 8 0 : 0.000000 0.000000 0.000000 0.000000
TPOSE SEQ NOF2 C:\Users\JeanLuc\AppData\Local\Temp\RtmpgNoqpc\cspade27a03e632ed5.data 0.400000 4 2 1 F1stats = [ 4 0 0 0.000000 ] 0.000000 0.000000 0.000000
SPADE C:\Users\JeanLuc\AppData\Local\Temp\RtmpgNoqpc\cspade27a03e632ed5.tpose 0.400000 2 17 0.000000 0 0 0 0 0 -1 1 10 10 : 4 8 5 1 0 : 0.000000 0.000000 0.000000 0.000000
TPOSE SEQ NOF2 C:\Users\JeanLuc\AppData\Local\Temp\RtmpgNoqpc\cspade27a0487f348e.data 0.400000 4 2 1 F1stats = [ 4 0 0 -0.000000 ] 0.000000 -0.000000 -0.000000
SPADE C:\Users\JeanLuc\AppData\Local\Temp\RtmpgNoqpc\cspade27a0487f348e.tpose 0.400000 2 16 0.000000 0 0 0 0 0 5 1 10 10 : 4 5 2 0 : 0.000000 0.000000 0.000000 0.000000
