\BOOKMARK [1][-]{section.0.1}{Introduction}{}% 1
\BOOKMARK [1][-]{section.0.2}{Related Work \(Evgueni\)}{}% 2
\BOOKMARK [1][-]{section.0.3}{Data}{}% 3
\BOOKMARK [1][-]{section.0.4}{Methodology}{}% 4
\BOOKMARK [2][-]{subsection.0.4.1}{The Course Recommender System}{section.0.4}% 5
\BOOKMARK [3][-]{subsubsection.0.4.1.1}{Overview}{subsection.0.4.1}% 6
\BOOKMARK [3][-]{subsubsection.0.4.1.2}{Topic Model}{subsection.0.4.1}% 7
\BOOKMARK [3][-]{subsubsection.0.4.1.3}{Student Model}{subsection.0.4.1}% 8
\BOOKMARK [3][-]{subsubsection.0.4.1.4}{Underlying Algorithm: Sparse Regression Model}{subsection.0.4.1}% 9
\BOOKMARK [3][-]{subsubsection.0.4.1.5}{Prediction Region for Grade}{subsection.0.4.1}% 10
\BOOKMARK [2][-]{subsection.0.4.2}{The Inductive Confidence Machine \(Evgueni\)}{section.0.4}% 11
\BOOKMARK [1][-]{section.0.5}{Results}{}% 12
\BOOKMARK [1][-]{section.0.6}{Conclusion}{}% 13
\BOOKMARK [1][-]{section.0.7}{Comments to Evgueni}{}% 14
\BOOKMARK [1][-]{section.0.8}{others}{}% 15
\BOOKMARK [2][-]{subsection.0.8.1}{Sub-sections}{section.0.8}% 16
\BOOKMARK [3][-]{subsubsection.0.8.1.1}{Sub-sub-sections}{subsection.0.8.1}% 17
\BOOKMARK [1][-]{section.0.9}{Cross-Referencing}{}% 18
\BOOKMARK [1][-]{section.0.10}{Equations}{}% 19
\BOOKMARK [2][-]{subsection.0.10.1}{Operator Names}{section.0.10}% 20
\BOOKMARK [1][-]{section.0.11}{Vectors and Sets}{}% 21
\BOOKMARK [1][-]{section.0.12}{Floats}{}% 22
\BOOKMARK [2][-]{subsection.0.12.1}{Tables}{section.0.12}% 23
\BOOKMARK [2][-]{subsection.0.12.2}{Figures}{section.0.12}% 24
\BOOKMARK [3][-]{subsubsection.0.12.2.1}{Sub-Figures}{subsection.0.12.2}% 25
\BOOKMARK [2][-]{subsection.0.12.3}{Sub-Tables}{section.0.12}% 26
\BOOKMARK [2][-]{subsection.0.12.4}{Algorithms}{section.0.12}% 27
\BOOKMARK [1][-]{section.0.13}{Description Lists}{}% 28
\BOOKMARK [1][-]{section.0.14}{Theorems, Lemmas etc}{}% 29
\BOOKMARK [1][-]{section.0.15}{Color vs Grayscale}{}% 30
\BOOKMARK [1][-]{section.0.16}{Citations and Bibliography}{}% 31
\BOOKMARK [1][-]{section.0.A}{First Appendix}{}% 32
\BOOKMARK [1][-]{section.0.B}{Second Appendix}{}% 33
